[0.011s] Invoking command in '/home/dkc/dev_ws/build/my_package': CMAKE_PREFIX_PATH=${CMAKE_PREFIX_PATH}:/home/dkc/mesaj_ws/install/py_topic:/home/dkc/mesaj_ws/src/install/py_topic:/home/dkc/ros2_ws/install/my_robot_controller:/opt/ros/humble /usr/bin/cmake /home/dkc/dev_ws/src/my_package -DAMENT_CMAKE_SYMLINK_INSTALL=1 -DCMAKE_INSTALL_PREFIX=/home/dkc/dev_ws/install/my_package
[0.161s] -- The C compiler identification is GNU 11.4.0
[0.262s] -- The CXX compiler identification is GNU 11.4.0
[0.272s] -- Detecting C compiler ABI info
[0.338s] -- Detecting C compiler ABI info - done
[0.347s] -- Check for working C compiler: /usr/bin/cc - skipped
[0.348s] -- Detecting C compile features
[0.349s] -- Detecting C compile features - done
[0.354s] -- Detecting CXX compiler ABI info
[0.428s] -- Detecting CXX compiler ABI info - done
[0.436s] -- Check for working CXX compiler: /usr/bin/c++ - skipped
[0.436s] -- Detecting CXX compile features
[0.437s] -- Detecting CXX compile features - done
[0.441s] -- Found ament_cmake: 1.3.9 (/opt/ros/humble/share/ament_cmake/cmake)
[0.582s] -- Found Python3: /usr/bin/python3 (found version "3.10.12") found components: Interpreter 
[0.642s] -- Override CMake install command with custom implementation using symlinks instead of copying resources
[0.682s] -- Found ament_lint_auto: 0.12.11 (/opt/ros/humble/share/ament_lint_auto/cmake)
[0.760s] -- Added test 'flake8' to check Python code syntax and style conventions
[0.760s] -- Added test 'lint_cmake' to check CMake code style
[0.761s] -- Added test 'pep257' to check Python code against some of the docstring style conventions in PEP 257
[0.763s] -- Added test 'xmllint' to check XML markup files
[0.765s] -- Configuring done
[0.769s] -- Generating done
[0.770s] -- Build files have been written to: /home/dkc/dev_ws/build/my_package
[0.774s] Invoked command in '/home/dkc/dev_ws/build/my_package' returned '0': CMAKE_PREFIX_PATH=${CMAKE_PREFIX_PATH}:/home/dkc/mesaj_ws/install/py_topic:/home/dkc/mesaj_ws/src/install/py_topic:/home/dkc/ros2_ws/install/my_robot_controller:/opt/ros/humble /usr/bin/cmake /home/dkc/dev_ws/src/my_package -DAMENT_CMAKE_SYMLINK_INSTALL=1 -DCMAKE_INSTALL_PREFIX=/home/dkc/dev_ws/install/my_package
[0.776s] Invoking command in '/home/dkc/dev_ws/build/my_package': CMAKE_PREFIX_PATH=${CMAKE_PREFIX_PATH}:/home/dkc/mesaj_ws/install/py_topic:/home/dkc/mesaj_ws/src/install/py_topic:/home/dkc/ros2_ws/install/my_robot_controller:/opt/ros/humble /usr/bin/cmake --build /home/dkc/dev_ws/build/my_package -- -j12 -l12
[0.807s] Invoked command in '/home/dkc/dev_ws/build/my_package' returned '0': CMAKE_PREFIX_PATH=${CMAKE_PREFIX_PATH}:/home/dkc/mesaj_ws/install/py_topic:/home/dkc/mesaj_ws/src/install/py_topic:/home/dkc/ros2_ws/install/my_robot_controller:/opt/ros/humble /usr/bin/cmake --build /home/dkc/dev_ws/build/my_package -- -j12 -l12
[0.834s] Invoking command in '/home/dkc/dev_ws/build/my_package': CMAKE_PREFIX_PATH=${CMAKE_PREFIX_PATH}:/home/dkc/mesaj_ws/install/py_topic:/home/dkc/mesaj_ws/src/install/py_topic:/home/dkc/ros2_ws/install/my_robot_controller:/opt/ros/humble /usr/bin/cmake --install /home/dkc/dev_ws/build/my_package
[0.841s] -- Install configuration: ""
[0.841s] -- Execute custom install script
[0.841s] -- Symlinking: /home/dkc/dev_ws/install/my_package/share/ament_index/resource_index/package_run_dependencies/my_package
[0.849s] -- Symlinking: /home/dkc/dev_ws/install/my_package/share/ament_index/resource_index/parent_prefix_path/my_package
[0.856s] -- Symlinking: /home/dkc/dev_ws/install/my_package/share/my_package/environment/ament_prefix_path.sh
[0.864s] -- Symlinking: /home/dkc/dev_ws/install/my_package/share/my_package/environment/ament_prefix_path.dsv
[0.871s] -- Symlinking: /home/dkc/dev_ws/install/my_package/share/my_package/environment/path.sh
[0.878s] -- Symlinking: /home/dkc/dev_ws/install/my_package/share/my_package/environment/path.dsv
[0.886s] -- Symlinking: /home/dkc/dev_ws/install/my_package/share/my_package/local_setup.bash
[0.893s] -- Symlinking: /home/dkc/dev_ws/install/my_package/share/my_package/local_setup.sh
[0.900s] -- Symlinking: /home/dkc/dev_ws/install/my_package/share/my_package/local_setup.zsh
[0.908s] -- Symlinking: /home/dkc/dev_ws/install/my_package/share/my_package/local_setup.dsv
[0.915s] -- Symlinking: /home/dkc/dev_ws/install/my_package/share/my_package/package.dsv
[0.922s] -- Symlinking: /home/dkc/dev_ws/install/my_package/share/ament_index/resource_index/packages/my_package
[0.930s] -- Symlinking: /home/dkc/dev_ws/install/my_package/share/my_package/cmake/my_packageConfig.cmake
[0.938s] -- Symlinking: /home/dkc/dev_ws/install/my_package/share/my_package/cmake/my_packageConfig-version.cmake
[0.946s] -- Symlinking: /home/dkc/dev_ws/install/my_package/share/my_package/package.xml
[0.956s] Invoked command in '/home/dkc/dev_ws/build/my_package' returned '0': CMAKE_PREFIX_PATH=${CMAKE_PREFIX_PATH}:/home/dkc/mesaj_ws/install/py_topic:/home/dkc/mesaj_ws/src/install/py_topic:/home/dkc/ros2_ws/install/my_robot_controller:/opt/ros/humble /usr/bin/cmake --install /home/dkc/dev_ws/build/my_package
