[0.011s] Invoking command in '/home/dkc/dev_ws/build/my_package': CMAKE_PREFIX_PATH=${CMAKE_PREFIX_PATH}:/home/dkc/mesaj_ws/install/py_topic:/home/dkc/mesaj_ws/src/install/py_topic:/home/dkc/ros2_ws/install/my_robot_controller:/opt/ros/humble /usr/bin/cmake --build /home/dkc/dev_ws/build/my_package -- -j12 -l12
[0.044s] Invoked command in '/home/dkc/dev_ws/build/my_package' returned '0': CMAKE_PREFIX_PATH=${CMAKE_PREFIX_PATH}:/home/dkc/mesaj_ws/install/py_topic:/home/dkc/mesaj_ws/src/install/py_topic:/home/dkc/ros2_ws/install/my_robot_controller:/opt/ros/humble /usr/bin/cmake --build /home/dkc/dev_ws/build/my_package -- -j12 -l12
[0.070s] Invoking command in '/home/dkc/dev_ws/build/my_package': CMAKE_PREFIX_PATH=${CMAKE_PREFIX_PATH}:/home/dkc/mesaj_ws/install/py_topic:/home/dkc/mesaj_ws/src/install/py_topic:/home/dkc/ros2_ws/install/my_robot_controller:/opt/ros/humble /usr/bin/cmake --install /home/dkc/dev_ws/build/my_package
[0.076s] -- Install configuration: ""
[0.076s] -- Execute custom install script
[0.077s] -- Up-to-date symlink: /home/dkc/dev_ws/install/my_package/share//launch/listener.launch.py
[0.077s] -- Up-to-date symlink: /home/dkc/dev_ws/install/my_package/share//launch/talker.launch.py
[0.077s] -- Up-to-date symlink: /home/dkc/dev_ws/install/my_package/share/ament_index/resource_index/package_run_dependencies/my_package
[0.077s] -- Up-to-date symlink: /home/dkc/dev_ws/install/my_package/share/ament_index/resource_index/parent_prefix_path/my_package
[0.078s] -- Up-to-date symlink: /home/dkc/dev_ws/install/my_package/share/my_package/environment/ament_prefix_path.sh
[0.078s] -- Up-to-date symlink: /home/dkc/dev_ws/install/my_package/share/my_package/environment/ament_prefix_path.dsv
[0.078s] -- Up-to-date symlink: /home/dkc/dev_ws/install/my_package/share/my_package/environment/path.sh
[0.078s] -- Up-to-date symlink: /home/dkc/dev_ws/install/my_package/share/my_package/environment/path.dsv
[0.078s] -- Up-to-date symlink: /home/dkc/dev_ws/install/my_package/share/my_package/local_setup.bash
[0.079s] -- Up-to-date symlink: /home/dkc/dev_ws/install/my_package/share/my_package/local_setup.sh
[0.079s] -- Up-to-date symlink: /home/dkc/dev_ws/install/my_package/share/my_package/local_setup.zsh
[0.079s] -- Up-to-date symlink: /home/dkc/dev_ws/install/my_package/share/my_package/local_setup.dsv
[0.079s] -- Symlinking: /home/dkc/dev_ws/install/my_package/share/my_package/package.dsv
[0.087s] -- Up-to-date symlink: /home/dkc/dev_ws/install/my_package/share/ament_index/resource_index/packages/my_package
[0.087s] -- Up-to-date symlink: /home/dkc/dev_ws/install/my_package/share/my_package/cmake/my_packageConfig.cmake
[0.087s] -- Up-to-date symlink: /home/dkc/dev_ws/install/my_package/share/my_package/cmake/my_packageConfig-version.cmake
[0.087s] -- Up-to-date symlink: /home/dkc/dev_ws/install/my_package/share/my_package/package.xml
[0.089s] Invoked command in '/home/dkc/dev_ws/build/my_package' returned '0': CMAKE_PREFIX_PATH=${CMAKE_PREFIX_PATH}:/home/dkc/mesaj_ws/install/py_topic:/home/dkc/mesaj_ws/src/install/py_topic:/home/dkc/ros2_ws/install/my_robot_controller:/opt/ros/humble /usr/bin/cmake --install /home/dkc/dev_ws/build/my_package
