[0.011s] Invoking command in '/home/dkc/dev_ws/build/my_package': CMAKE_PREFIX_PATH=${CMAKE_PREFIX_PATH}:/home/dkc/mesaj_ws/install/py_topic:/home/dkc/mesaj_ws/src/install/py_topic:/home/dkc/ros2_ws/install/my_robot_controller:/opt/ros/humble /usr/bin/cmake --build /home/dkc/dev_ws/build/my_package -- -j12 -l12
[0.030s] -- Found ament_cmake: 1.3.9 (/opt/ros/humble/share/ament_cmake/cmake)
[0.134s] -- Override CMake install command with custom implementation using symlinks instead of copying resources
[0.141s] -- Found ament_lint_auto: 0.12.11 (/opt/ros/humble/share/ament_lint_auto/cmake)
[0.200s] -- Added test 'flake8' to check Python code syntax and style conventions
[0.200s] -- Added test 'lint_cmake' to check CMake code style
[0.200s] -- Added test 'pep257' to check Python code against some of the docstring style conventions in PEP 257
[0.201s] -- Added test 'xmllint' to check XML markup files
[0.202s] -- Configuring done
[0.204s] -- Generating done
[0.205s] -- Build files have been written to: /home/dkc/dev_ws/build/my_package
[0.224s] Invoked command in '/home/dkc/dev_ws/build/my_package' returned '0': CMAKE_PREFIX_PATH=${CMAKE_PREFIX_PATH}:/home/dkc/mesaj_ws/install/py_topic:/home/dkc/mesaj_ws/src/install/py_topic:/home/dkc/ros2_ws/install/my_robot_controller:/opt/ros/humble /usr/bin/cmake --build /home/dkc/dev_ws/build/my_package -- -j12 -l12
[0.250s] Invoking command in '/home/dkc/dev_ws/build/my_package': CMAKE_PREFIX_PATH=${CMAKE_PREFIX_PATH}:/home/dkc/mesaj_ws/install/py_topic:/home/dkc/mesaj_ws/src/install/py_topic:/home/dkc/ros2_ws/install/my_robot_controller:/opt/ros/humble /usr/bin/cmake --install /home/dkc/dev_ws/build/my_package
[0.256s] -- Install configuration: ""
[0.257s] -- Execute custom install script
[0.257s] -- Up-to-date symlink: /home/dkc/dev_ws/install/my_package/share//launch/listener.launch.py
[0.258s] -- Up-to-date symlink: /home/dkc/dev_ws/install/my_package/share//launch/talker.launch.py
[0.258s] -- Up-to-date symlink: /home/dkc/dev_ws/install/my_package/share/ament_index/resource_index/package_run_dependencies/my_package
[0.258s] -- Up-to-date symlink: /home/dkc/dev_ws/install/my_package/share/ament_index/resource_index/parent_prefix_path/my_package
[0.258s] -- Up-to-date symlink: /home/dkc/dev_ws/install/my_package/share/my_package/environment/ament_prefix_path.sh
[0.258s] -- Up-to-date symlink: /home/dkc/dev_ws/install/my_package/share/my_package/environment/ament_prefix_path.dsv
[0.259s] -- Up-to-date symlink: /home/dkc/dev_ws/install/my_package/share/my_package/environment/path.sh
[0.259s] -- Up-to-date symlink: /home/dkc/dev_ws/install/my_package/share/my_package/environment/path.dsv
[0.259s] -- Up-to-date symlink: /home/dkc/dev_ws/install/my_package/share/my_package/local_setup.bash
[0.259s] -- Up-to-date symlink: /home/dkc/dev_ws/install/my_package/share/my_package/local_setup.sh
[0.259s] -- Up-to-date symlink: /home/dkc/dev_ws/install/my_package/share/my_package/local_setup.zsh
[0.259s] -- Up-to-date symlink: /home/dkc/dev_ws/install/my_package/share/my_package/local_setup.dsv
[0.259s] -- Symlinking: /home/dkc/dev_ws/install/my_package/share/my_package/package.dsv
[0.267s] -- Up-to-date symlink: /home/dkc/dev_ws/install/my_package/share/ament_index/resource_index/packages/my_package
[0.267s] -- Up-to-date symlink: /home/dkc/dev_ws/install/my_package/share/my_package/cmake/my_packageConfig.cmake
[0.267s] -- Up-to-date symlink: /home/dkc/dev_ws/install/my_package/share/my_package/cmake/my_packageConfig-version.cmake
[0.267s] -- Up-to-date symlink: /home/dkc/dev_ws/install/my_package/share/my_package/package.xml
[0.269s] Invoked command in '/home/dkc/dev_ws/build/my_package' returned '0': CMAKE_PREFIX_PATH=${CMAKE_PREFIX_PATH}:/home/dkc/mesaj_ws/install/py_topic:/home/dkc/mesaj_ws/src/install/py_topic:/home/dkc/ros2_ws/install/my_robot_controller:/opt/ros/humble /usr/bin/cmake --install /home/dkc/dev_ws/build/my_package
